app/build/outputs/logs/manifest-merger-debug-report.txt
-- Merging decision tree log ---
manifest
ADDED from src/main/AndroidManifest.xml:2:1-121:12
	xmlns:android
		ADDED from src/main/AndroidManifest.xml:2:11-69
	package
		ADDED from src/main/AndroidManifest.xml:3:5-47
		INJECTED from src/main/AndroidManifest.xml
		INJECTED from src/main/AndroidManifest.xml
	android:versionName
		ADDED from src/main/AndroidManifest.xml:5:5-30
		INJECTED from src/main/AndroidManifest.xml
		INJECTED from src/main/AndroidManifest.xml
	android:versionCode
		ADDED from src/main/AndroidManifest.xml:4:5-29
		INJECTED from src/main/AndroidManifest.xml
		INJECTED from src/main/AndroidManifest.xml
uses-sdk
ADDED from src/main/AndroidManifest.xml:7:5-9:41
MERGED from [com.android.support:support-v4:21.0.3] AndroidManifest.xml:15:5-42
	android:targetSdkVersion
		ADDED from src/main/AndroidManifest.xml:9:9-38
		INJECTED from src/main/AndroidManifest.xml
		INJECTED from src/main/AndroidManifest.xml
	android:minSdkVersion
		ADDED from src/main/AndroidManifest.xml:8:9-35
		INJECTED from src/main/AndroidManifest.xml
		INJECTED from src/main/AndroidManifest.xml
uses-permission#android.permission.WRITE_EXTERNAL_STORAGE
ADDED from src/main/AndroidManifest.xml:12:5-81
	android:name
		ADDED from src/main/AndroidManifest.xml:12:22-78
uses-permission#android.permission.ACCESS_NETWORK_STATE
ADDED from src/main/AndroidManifest.xml:14:5-79
	android:name
		ADDED from src/main/AndroidManifest.xml:14:22-76
uses-permission#android.permission.ACCESS_WIFI_STATE
ADDED from src/main/AndroidManifest.xml:17:5-76
	android:name
		ADDED from src/main/AndroidManifest.xml:17:22-73
application
ADDED from src/main/AndroidManifest.xml:19:5-119:19
MERGED from [com.android.support:support-v4:21.0.3] AndroidManifest.xml:16:5-19
	android:label
		ADDED from src/main/AndroidManifest.xml:22:9-41
	android:allowBackup
		ADDED from src/main/AndroidManifest.xml:20:9-35
	android:icon
		ADDED from src/main/AndroidManifest.xml:21:9-45
	android:theme
		ADDED from src/main/AndroidManifest.xml:23:9-40
receiver#com.torch2424.statsmonitor.com.torch2424.statsproviders.SuperSmall
ADDED from src/main/AndroidManifest.xml:30:9-39:20
	android:label
		ADDED from src/main/AndroidManifest.xml:31:13-46
	android:name
		ADDED from src/main/AndroidManifest.xml:30:19-100
intent-filter#android.appwidget.action.APPWIDGET_UPDATE
ADDED from src/main/AndroidManifest.xml:32:13-34:29
	android:exported
		ADDED from src/main/AndroidManifest.xml:32:28-52
action#android.appwidget.action.APPWIDGET_UPDATE
ADDED from src/main/AndroidManifest.xml:33:17-84
	android:name
		ADDED from src/main/AndroidManifest.xml:33:25-81
meta-data#android.appwidget.provider
ADDED from src/main/AndroidManifest.xml:36:13-38:54
	android:resource
		ADDED from src/main/AndroidManifest.xml:38:17-51
	android:name
		ADDED from src/main/AndroidManifest.xml:37:17-58
receiver#com.torch2424.statsmonitor.com.torch2424.statsproviders.ProviderSmall
ADDED from src/main/AndroidManifest.xml:41:9-50:20
	android:label
		ADDED from src/main/AndroidManifest.xml:42:13-44
	android:name
		ADDED from src/main/AndroidManifest.xml:41:19-103
receiver#com.torch2424.statsmonitor.com.torch2424.statsproviders.SmProvider
ADDED from src/main/AndroidManifest.xml:52:9-61:20
	android:label
		ADDED from src/main/AndroidManifest.xml:53:13-44
	android:name
		ADDED from src/main/AndroidManifest.xml:52:19-100
receiver#com.torch2424.statsmonitor.com.torch2424.statsproviders.ProviderBig
ADDED from src/main/AndroidManifest.xml:63:9-72:20
	android:label
		ADDED from src/main/AndroidManifest.xml:64:13-46
	android:name
		ADDED from src/main/AndroidManifest.xml:63:19-101
receiver#com.torch2424.statsmonitor.com.torch2424.statsproviders.ProviderBigger
ADDED from src/main/AndroidManifest.xml:74:9-83:20
	android:label
		ADDED from src/main/AndroidManifest.xml:75:13-45
	android:name
		ADDED from src/main/AndroidManifest.xml:74:19-104
receiver#com.torch2424.statsmonitor.SmAlarm
ADDED from src/main/AndroidManifest.xml:86:10-87:12
	android:name
		ADDED from src/main/AndroidManifest.xml:86:20-69
activity#com.torch2424.statsmonitor.ConfigureWidget
ADDED from src/main/AndroidManifest.xml:90:9-97:20
	android:label
		ADDED from src/main/AndroidManifest.xml:92:13-68
	android:hardwareAccelerated
		ADDED from src/main/AndroidManifest.xml:93:13-48
	android:name
		ADDED from src/main/AndroidManifest.xml:91:13-70
intent-filter#android.appwidget.action.APPWIDGET_CONFIGURE
ADDED from src/main/AndroidManifest.xml:94:13-96:29
action#android.appwidget.action.APPWIDGET_CONFIGURE
ADDED from src/main/AndroidManifest.xml:95:17-87
	android:name
		ADDED from src/main/AndroidManifest.xml:95:25-84
activity#com.torch2424.statsmonitor.ColorChooser
ADDED from src/main/AndroidManifest.xml:98:9-101:20
	android:label
		ADDED from src/main/AndroidManifest.xml:100:13-65
	android:name
		ADDED from src/main/AndroidManifest.xml:99:13-67
activity#com.torch2424.statsmonitor.ColorBackChooser
ADDED from src/main/AndroidManifest.xml:102:9-105:20
	android:label
		ADDED from src/main/AndroidManifest.xml:104:13-70
	android:name
		ADDED from src/main/AndroidManifest.xml:103:13-71
activity#com.torch2424.statsmonitor.TextSizeChooser
ADDED from src/main/AndroidManifest.xml:106:9-109:20
	android:label
		ADDED from src/main/AndroidManifest.xml:108:13-69
	android:name
		ADDED from src/main/AndroidManifest.xml:107:13-70
activity#com.torch2424.statsmonitor.AdvancedSettings
ADDED from src/main/AndroidManifest.xml:110:9-114:20
	android:label
		ADDED from src/main/AndroidManifest.xml:112:13-69
	android:hardwareAccelerated
		ADDED from src/main/AndroidManifest.xml:113:13-48
	android:name
		ADDED from src/main/AndroidManifest.xml:111:13-71
activity#com.torch2424.statsmonitor.TextBackSettings
ADDED from src/main/AndroidManifest.xml:115:9-118:20
	android:label
		ADDED from src/main/AndroidManifest.xml:117:13-45
	android:name
		ADDED from src/main/AndroidManifest.xml:116:13-71